[2026-03-17 17:09:19] INFO     pygram: 🚀 Pygram AI Bot is running...
[2026-03-17 17:09:20] INFO     httpx: HTTP Request: POST https://api.telegram.org/bot8705414358:AAGGKM09OvsEvb5de48cICeB0rthC3DYfa0/getMe "HTTP/1.1 200 OK"
[2026-03-17 17:09:20] INFO     pygram: Database initialized successfully.
[2026-03-17 17:09:20] INFO     apscheduler.scheduler: Scheduler started
[2026-03-17 17:09:20] INFO     app.services.reminder_service: ⏰ Scheduler started.
[2026-03-17 17:09:21] INFO     httpx: HTTP Request: POST https://api.telegram.org/bot8705414358:AAGGKM09OvsEvb5de48cICeB0rthC3DYfa0/setMyCommands "HTTP/1.1 200 OK"
[2026-03-17 17:09:21] INFO     app.services.telegram_command_service: Successfully registered 22 commands to Telegram slash menu.
[2026-03-17 17:09:21] INFO     httpx: HTTP Request: POST https://api.telegram.org/bot8705414358:AAGGKM09OvsEvb5de48cICeB0rthC3DYfa0/deleteWebhook "HTTP/1.1 200 OK"
[2026-03-17 17:09:21] INFO     apscheduler.scheduler: Scheduler started
[2026-03-17 17:09:21] INFO     telegram.ext.Application: Application started
[2026-03-17 17:09:33] INFO     httpx: HTTP Request: POST https://api.telegram.org/bot8705414358:AAGGKM09OvsEvb5de48cICeB0rthC3DYfa0/getUpdates "HTTP/1.1 200 OK"
[2026-03-17 17:10:01] INFO     httpx: HTTP Request: POST https://api.telegram.org/bot8705414358:AAGGKM09OvsEvb5de48cICeB0rthC3DYfa0/getUpdates "HTTP/1.1 200 OK"
[2026-03-17 17:10:12] INFO     httpx: HTTP Request: POST https://api.telegram.org/bot8705414358:AAGGKM09OvsEvb5de48cICeB0rthC3DYfa0/getUpdates "HTTP/1.1 200 OK"
[2026-03-17 17:10:21] INFO     httpx: HTTP Request: POST https://api.telegram.org/bot8705414358:AAGGKM09OvsEvb5de48cICeB0rthC3DYfa0/getUpdates "HTTP/1.1 200 OK"
[2026-03-17 17:10:23] INFO     httpx: HTTP Request: POST https://api.telegram.org/bot8705414358:AAGGKM09OvsEvb5de48cICeB0rthC3DYfa0/sendMessage "HTTP/1.1 200 OK"
[2026-03-17 17:10:31] INFO     httpx: HTTP Request: POST https://api.telegram.org/bot8705414358:AAGGKM09OvsEvb5de48cICeB0rthC3DYfa0/getUpdates "HTTP/1.1 200 OK"
[2026-03-17 17:10:38] INFO     httpx: HTTP Request: POST https://api.telegram.org/bot8705414358:AAGGKM09OvsEvb5de48cICeB0rthC3DYfa0/getUpdates "HTTP/1.1 200 OK"
[2026-03-17 17:10:38] INFO     httpx: HTTP Request: POST https://api.telegram.org/bot8705414358:AAGGKM09OvsEvb5de48cICeB0rthC3DYfa0/sendMessage "HTTP/1.1 200 OK"
[2026-03-17 17:10:38] ERROR    app.services.search_engine_service: DuckDuckGo search error: Client.__init__() got an unexpected keyword argument 'proxies'
[2026-03-17 17:10:39] INFO     httpx: HTTP Request: POST https://api.telegram.org/bot8705414358:AAGGKM09OvsEvb5de48cICeB0rthC3DYfa0/editMessageText "HTTP/1.1 200 OK"
[2026-03-17 17:10:48] INFO     httpx: HTTP Request: POST https://api.telegram.org/bot8705414358:AAGGKM09OvsEvb5de48cICeB0rthC3DYfa0/getUpdates "HTTP/1.1 200 OK"
[2026-03-17 17:10:58] INFO     httpx: HTTP Request: POST https://api.telegram.org/bot8705414358:AAGGKM09OvsEvb5de48cICeB0rthC3DYfa0/getUpdates "HTTP/1.1 200 OK"
[2026-03-17 17:11:08] INFO     httpx: HTTP Request: POST https://api.telegram.org/bot8705414358:AAGGKM09OvsEvb5de48cICeB0rthC3DYfa0/getUpdates "HTTP/1.1 200 OK"
[2026-03-17 17:11:09] INFO     httpx: HTTP Request: POST https://api.telegram.org/bot8705414358:AAGGKM09OvsEvb5de48cICeB0rthC3DYfa0/sendMessage "HTTP/1.1 200 OK"
[2026-03-17 17:11:18] INFO     httpx: HTTP Request: POST https://api.telegram.org/bot8705414358:AAGGKM09OvsEvb5de48cICeB0rthC3DYfa0/getUpdates "HTTP/1.1 200 OK"
[2026-03-17 17:11:28] INFO     httpx: HTTP Request: POST https://api.telegram.org/bot8705414358:AAGGKM09OvsEvb5de48cICeB0rthC3DYfa0/getUpdates "HTTP/1.1 200 OK"
[2026-03-17 17:11:39] INFO     httpx: HTTP Request: POST https://api.telegram.org/bot8705414358:AAGGKM09OvsEvb5de48cICeB0rthC3DYfa0/getUpdates "HTTP/1.1 200 OK"
[2026-03-17 17:11:51] INFO     httpx: HTTP Request: POST https://api.telegram.org/bot8705414358:AAGGKM09OvsEvb5de48cICeB0rthC3DYfa0/getUpdates "HTTP/1.1 200 OK"
[2026-03-17 17:12:02] INFO     httpx: HTTP Request: POST https://api.telegram.org/bot8705414358:AAGGKM09OvsEvb5de48cICeB0rthC3DYfa0/getUpdates "HTTP/1.1 200 OK"
[2026-03-17 17:12:12] INFO     httpx: HTTP Request: POST https://api.telegram.org/bot8705414358:AAGGKM09OvsEvb5de48cICeB0rthC3DYfa0/getUpdates "HTTP/1.1 200 OK"
[2026-03-17 17:12:21] INFO     httpx: HTTP Request: POST https://api.telegram.org/bot8705414358:AAGGKM09OvsEvb5de48cICeB0rthC3DYfa0/getUpdates "HTTP/1.1 200 OK"
[2026-03-17 17:12:22] INFO     httpx: HTTP Request: POST https://api.telegram.org/bot8705414358:AAGGKM09OvsEvb5de48cICeB0rthC3DYfa0/answerCallbackQuery "HTTP/1.1 200 OK"
[2026-03-17 17:12:23] INFO     httpx: HTTP Request: POST https://api.telegram.org/bot8705414358:AAGGKM09OvsEvb5de48cICeB0rthC3DYfa0/editMessageText "HTTP/1.1 200 OK"
[2026-03-17 17:12:23] INFO     httpx: HTTP Request: POST https://api.telegram.org/bot8705414358:AAGGKM09OvsEvb5de48cICeB0rthC3DYfa0/editMessageReplyMarkup "HTTP/1.1 200 OK"
[2026-03-17 17:12:32] INFO     httpx: HTTP Request: POST https://api.telegram.org/bot8705414358:AAGGKM09OvsEvb5de48cICeB0rthC3DYfa0/getUpdates "HTTP/1.1 200 OK"
[2026-03-17 17:12:41] INFO     httpx: HTTP Request: POST https://api.telegram.org/bot8705414358:AAGGKM09OvsEvb5de48cICeB0rthC3DYfa0/getUpdates "HTTP/1.1 200 OK"
[2026-03-17 17:12:41] INFO     httpx: HTTP Request: POST https://api.telegram.org/bot8705414358:AAGGKM09OvsEvb5de48cICeB0rthC3DYfa0/answerCallbackQuery "HTTP/1.1 200 OK"
[2026-03-17 17:12:42] INFO     httpx: HTTP Request: POST https://api.telegram.org/bot8705414358:AAGGKM09OvsEvb5de48cICeB0rthC3DYfa0/editMessageText "HTTP/1.1 200 OK"
[2026-03-17 17:12:43] INFO     httpx: HTTP Request: POST https://api.telegram.org/bot8705414358:AAGGKM09OvsEvb5de48cICeB0rthC3DYfa0/getUpdates "HTTP/1.1 200 OK"
[2026-03-17 17:12:43] INFO     httpx: HTTP Request: POST https://api.telegram.org/bot8705414358:AAGGKM09OvsEvb5de48cICeB0rthC3DYfa0/answerCallbackQuery "HTTP/1.1 200 OK"
[2026-03-17 17:12:44] INFO     httpx: HTTP Request: POST https://api.telegram.org/bot8705414358:AAGGKM09OvsEvb5de48cICeB0rthC3DYfa0/editMessageText "HTTP/1.1 200 OK"
[2026-03-17 17:12:44] INFO     httpx: HTTP Request: POST https://api.telegram.org/bot8705414358:AAGGKM09OvsEvb5de48cICeB0rthC3DYfa0/editMessageReplyMarkup "HTTP/1.1 200 OK"
[2026-03-17 17:12:53] INFO     httpx: HTTP Request: POST https://api.telegram.org/bot8705414358:AAGGKM09OvsEvb5de48cICeB0rthC3DYfa0/getUpdates "HTTP/1.1 200 OK"
[2026-03-17 17:13:04] INFO     httpx: HTTP Request: POST https://api.telegram.org/bot8705414358:AAGGKM09OvsEvb5de48cICeB0rthC3DYfa0/getUpdates "HTTP/1.1 200 OK"
[2026-03-17 17:13:14] INFO     httpx: HTTP Request: POST https://api.telegram.org/bot8705414358:AAGGKM09OvsEvb5de48cICeB0rthC3DYfa0/getUpdates "HTTP/1.1 200 OK"
[2026-03-17 17:13:25] INFO     httpx: HTTP Request: POST https://api.telegram.org/bot8705414358:AAGGKM09OvsEvb5de48cICeB0rthC3DYfa0/getUpdates "HTTP/1.1 200 OK"
[2026-03-17 17:13:35] INFO     httpx: HTTP Request: POST https://api.telegram.org/bot8705414358:AAGGKM09OvsEvb5de48cICeB0rthC3DYfa0/getUpdates "HTTP/1.1 200 OK"
[2026-03-17 17:13:46] INFO     httpx: HTTP Request: POST https://api.telegram.org/bot8705414358:AAGGKM09OvsEvb5de48cICeB0rthC3DYfa0/getUpdates "HTTP/1.1 200 OK"
[2026-03-17 17:13:56] INFO     httpx: HTTP Request: POST https://api.telegram.org/bot8705414358:AAGGKM09OvsEvb5de48cICeB0rthC3DYfa0/getUpdates "HTTP/1.1 200 OK"
[2026-03-17 17:14:07] INFO     httpx: HTTP Request: POST https://api.telegram.org/bot8705414358:AAGGKM09OvsEvb5de48cICeB0rthC3DYfa0/getUpdates "HTTP/1.1 200 OK"
[2026-03-17 17:14:17] INFO     httpx: HTTP Request: POST https://api.telegram.org/bot8705414358:AAGGKM09OvsEvb5de48cICeB0rthC3DYfa0/getUpdates "HTTP/1.1 200 OK"
[2026-03-17 17:14:28] INFO     httpx: HTTP Request: POST https://api.telegram.org/bot8705414358:AAGGKM09OvsEvb5de48cICeB0rthC3DYfa0/getUpdates "HTTP/1.1 200 OK"
[2026-03-17 17:14:38] INFO     httpx: HTTP Request: POST https://api.telegram.org/bot8705414358:AAGGKM09OvsEvb5de48cICeB0rthC3DYfa0/getUpdates "HTTP/1.1 200 OK"
[2026-03-17 17:14:49] INFO     httpx: HTTP Request: POST https://api.telegram.org/bot8705414358:AAGGKM09OvsEvb5de48cICeB0rthC3DYfa0/getUpdates "HTTP/1.1 200 OK"
[2026-03-17 17:14:59] INFO     httpx: HTTP Request: POST https://api.telegram.org/bot8705414358:AAGGKM09OvsEvb5de48cICeB0rthC3DYfa0/getUpdates "HTTP/1.1 200 OK"
[2026-03-17 17:15:09] INFO     httpx: HTTP Request: POST https://api.telegram.org/bot8705414358:AAGGKM09OvsEvb5de48cICeB0rthC3DYfa0/getUpdates "HTTP/1.1 200 OK"
[2026-03-17 17:15:20] INFO     httpx: HTTP Request: POST https://api.telegram.org/bot8705414358:AAGGKM09OvsEvb5de48cICeB0rthC3DYfa0/getUpdates "HTTP/1.1 200 OK"
[2026-03-17 17:15:30] INFO     httpx: HTTP Request: POST https://api.telegram.org/bot8705414358:AAGGKM09OvsEvb5de48cICeB0rthC3DYfa0/getUpdates "HTTP/1.1 200 OK"
[2026-03-17 17:15:41] INFO     httpx: HTTP Request: POST https://api.telegram.org/bot8705414358:AAGGKM09OvsEvb5de48cICeB0rthC3DYfa0/getUpdates "HTTP/1.1 200 OK"
[2026-03-17 17:15:51] INFO     httpx: HTTP Request: POST https://api.telegram.org/bot8705414358:AAGGKM09OvsEvb5de48cICeB0rthC3DYfa0/getUpdates "HTTP/1.1 200 OK"
[2026-03-17 17:16:02] INFO     httpx: HTTP Request: POST https://api.telegram.org/bot8705414358:AAGGKM09OvsEvb5de48cICeB0rthC3DYfa0/getUpdates "HTTP/1.1 200 OK"
[2026-03-17 17:16:12] INFO     httpx: HTTP Request: POST https://api.telegram.org/bot8705414358:AAGGKM09OvsEvb5de48cICeB0rthC3DYfa0/getUpdates "HTTP/1.1 200 OK"
[2026-03-17 17:16:23] INFO     httpx: HTTP Request: POST https://api.telegram.org/bot8705414358:AAGGKM09OvsEvb5de48cICeB0rthC3DYfa0/getUpdates "HTTP/1.1 200 OK"
[2026-03-17 17:16:33] INFO     httpx: HTTP Request: POST https://api.telegram.org/bot8705414358:AAGGKM09OvsEvb5de48cICeB0rthC3DYfa0/getUpdates "HTTP/1.1 200 OK"
[2026-03-17 17:16:44] INFO     httpx: HTTP Request: POST https://api.telegram.org/bot8705414358:AAGGKM09OvsEvb5de48cICeB0rthC3DYfa0/getUpdates "HTTP/1.1 200 OK"
[2026-03-17 17:16:54] INFO     httpx: HTTP Request: POST https://api.telegram.org/bot8705414358:AAGGKM09OvsEvb5de48cICeB0rthC3DYfa0/getUpdates "HTTP/1.1 200 OK"
[2026-03-17 17:17:05] INFO     httpx: HTTP Request: POST https://api.telegram.org/bot8705414358:AAGGKM09OvsEvb5de48cICeB0rthC3DYfa0/getUpdates "HTTP/1.1 200 OK"
[2026-03-17 17:17:16] INFO     httpx: HTTP Request: POST https://api.telegram.org/bot8705414358:AAGGKM09OvsEvb5de48cICeB0rthC3DYfa0/getUpdates "HTTP/1.1 200 OK"
[2026-03-17 17:17:26] INFO     httpx: HTTP Request: POST https://api.telegram.org/bot8705414358:AAGGKM09OvsEvb5de48cICeB0rthC3DYfa0/getUpdates "HTTP/1.1 200 OK"
[2026-03-17 17:17:37] INFO     httpx: HTTP Request: POST https://api.telegram.org/bot8705414358:AAGGKM09OvsEvb5de48cICeB0rthC3DYfa0/getUpdates "HTTP/1.1 200 OK"
[2026-03-17 17:17:47] INFO     httpx: HTTP Request: POST https://api.telegram.org/bot8705414358:AAGGKM09OvsEvb5de48cICeB0rthC3DYfa0/getUpdates "HTTP/1.1 200 OK"
[2026-03-17 17:17:58] INFO     httpx: HTTP Request: POST https://api.telegram.org/bot8705414358:AAGGKM09OvsEvb5de48cICeB0rthC3DYfa0/getUpdates "HTTP/1.1 200 OK"
[2026-03-17 17:18:08] INFO     httpx: HTTP Request: POST https://api.telegram.org/bot8705414358:AAGGKM09OvsEvb5de48cICeB0rthC3DYfa0/getUpdates "HTTP/1.1 200 OK"
[2026-03-17 17:18:19] INFO     httpx: HTTP Request: POST https://api.telegram.org/bot8705414358:AAGGKM09OvsEvb5de48cICeB0rthC3DYfa0/getUpdates "HTTP/1.1 200 OK"
[2026-03-17 17:18:29] INFO     httpx: HTTP Request: POST https://api.telegram.org/bot8705414358:AAGGKM09OvsEvb5de48cICeB0rthC3DYfa0/getUpdates "HTTP/1.1 200 OK"
[2026-03-17 17:18:40] INFO     httpx: HTTP Request: POST https://api.telegram.org/bot8705414358:AAGGKM09OvsEvb5de48cICeB0rthC3DYfa0/getUpdates "HTTP/1.1 200 OK"
[2026-03-17 17:18:50] INFO     httpx: HTTP Request: POST https://api.telegram.org/bot8705414358:AAGGKM09OvsEvb5de48cICeB0rthC3DYfa0/getUpdates "HTTP/1.1 200 OK"
[2026-03-17 17:19:01] INFO     httpx: HTTP Request: POST https://api.telegram.org/bot8705414358:AAGGKM09OvsEvb5de48cICeB0rthC3DYfa0/getUpdates "HTTP/1.1 200 OK"
[2026-03-17 17:19:11] INFO     httpx: HTTP Request: POST https://api.telegram.org/bot8705414358:AAGGKM09OvsEvb5de48cICeB0rthC3DYfa0/getUpdates "HTTP/1.1 200 OK"
[2026-03-17 17:19:22] INFO     httpx: HTTP Request: POST https://api.telegram.org/bot8705414358:AAGGKM09OvsEvb5de48cICeB0rthC3DYfa0/getUpdates "HTTP/1.1 200 OK"
[2026-03-17 17:19:32] INFO     httpx: HTTP Request: POST https://api.telegram.org/bot8705414358:AAGGKM09OvsEvb5de48cICeB0rthC3DYfa0/getUpdates "HTTP/1.1 200 OK"
[2026-03-17 17:19:43] INFO     httpx: HTTP Request: POST https://api.telegram.org/bot8705414358:AAGGKM09OvsEvb5de48cICeB0rthC3DYfa0/getUpdates "HTTP/1.1 200 OK"
[2026-03-17 17:19:54] INFO     httpx: HTTP Request: POST https://api.telegram.org/bot8705414358:AAGGKM09OvsEvb5de48cICeB0rthC3DYfa0/getUpdates "HTTP/1.1 200 OK"
[2026-03-17 17:20:04] INFO     httpx: HTTP Request: POST https://api.telegram.org/bot8705414358:AAGGKM09OvsEvb5de48cICeB0rthC3DYfa0/getUpdates "HTTP/1.1 200 OK"
[2026-03-17 17:20:14] INFO     httpx: HTTP Request: POST https://api.telegram.org/bot8705414358:AAGGKM09OvsEvb5de48cICeB0rthC3DYfa0/getUpdates "HTTP/1.1 200 OK"
[2026-03-17 17:20:25] INFO     httpx: HTTP Request: POST https://api.telegram.org/bot8705414358:AAGGKM09OvsEvb5de48cICeB0rthC3DYfa0/getUpdates "HTTP/1.1 200 OK"
[2026-03-17 17:20:35] INFO     httpx: HTTP Request: POST https://api.telegram.org/bot8705414358:AAGGKM09OvsEvb5de48cICeB0rthC3DYfa0/getUpdates "HTTP/1.1 200 OK"
[2026-03-17 17:20:46] INFO     httpx: HTTP Request: POST https://api.telegram.org/bot8705414358:AAGGKM09OvsEvb5de48cICeB0rthC3DYfa0/getUpdates "HTTP/1.1 200 OK"
[2026-03-17 17:20:56] INFO     httpx: HTTP Request: POST https://api.telegram.org/bot8705414358:AAGGKM09OvsEvb5de48cICeB0rthC3DYfa0/getUpdates "HTTP/1.1 200 OK"
[2026-03-17 17:21:07] INFO     httpx: HTTP Request: POST https://api.telegram.org/bot8705414358:AAGGKM09OvsEvb5de48cICeB0rthC3DYfa0/getUpdates "HTTP/1.1 200 OK"
[2026-03-17 17:21:17] INFO     httpx: HTTP Request: POST https://api.telegram.org/bot8705414358:AAGGKM09OvsEvb5de48cICeB0rthC3DYfa0/getUpdates "HTTP/1.1 200 OK"
[2026-03-17 17:21:28] INFO     httpx: HTTP Request: POST https://api.telegram.org/bot8705414358:AAGGKM09OvsEvb5de48cICeB0rthC3DYfa0/getUpdates "HTTP/1.1 200 OK"
[2026-03-17 17:22:28] ERROR    telegram.ext.Application: No error handlers are registered, logging exception.
Traceback (most recent call last):
  File "/data/data/com.termux/files/usr/lib/python3.13/site-packages/httpx/_transports/default.py", line 101, in map_httpcore_exceptions
    yield
  File "/data/data/com.termux/files/usr/lib/python3.13/site-packages/httpx/_transports/default.py", line 394, in handle_async_request
    resp = await self._pool.handle_async_request(req)
           ^^^^^^^^^^^^^^^^^^^^^^^^^^^^^^^^^^^^^^^^^^
  File "/data/data/com.termux/files/usr/lib/python3.13/site-packages/httpcore/_async/connection_pool.py", line 256, in handle_async_request
    raise exc from None
  File "/data/data/com.termux/files/usr/lib/python3.13/site-packages/httpcore/_async/connection_pool.py", line 236, in handle_async_request
    response = await connection.handle_async_request(
               ^^^^^^^^^^^^^^^^^^^^^^^^^^^^^^^^^^^^^^
        pool_request.request
        ^^^^^^^^^^^^^^^^^^^^
    )
    ^
  File "/data/data/com.termux/files/usr/lib/python3.13/site-packages/httpcore/_async/connection.py", line 103, in handle_async_request
    return await self._connection.handle_async_request(request)
           ^^^^^^^^^^^^^^^^^^^^^^^^^^^^^^^^^^^^^^^^^^^^^^^^^^^^
  File "/data/data/com.termux/files/usr/lib/python3.13/site-packages/httpcore/_async/http11.py", line 136, in handle_async_request
    raise exc
  File "/data/data/com.termux/files/usr/lib/python3.13/site-packages/httpcore/_async/http11.py", line 106, in handle_async_request
    ) = await self._receive_response_headers(**kwargs)
        ^^^^^^^^^^^^^^^^^^^^^^^^^^^^^^^^^^^^^^^^^^^^^^
  File "/data/data/com.termux/files/usr/lib/python3.13/site-packages/httpcore/_async/http11.py", line 177, in _receive_response_headers
    event = await self._receive_event(timeout=timeout)
            ^^^^^^^^^^^^^^^^^^^^^^^^^^^^^^^^^^^^^^^^^^
  File "/data/data/com.termux/files/usr/lib/python3.13/site-packages/httpcore/_async/http11.py", line 231, in _receive_event
    raise RemoteProtocolError(msg)
httpcore.RemoteProtocolError: Server disconnected without sending a response.

The above exception was the direct cause of the following exception:

Traceback (most recent call last):
  File "/data/data/com.termux/files/usr/lib/python3.13/site-packages/telegram/request/_httpxrequest.py", line 293, in do_request
    res = await self._client.request(
          ^^^^^^^^^^^^^^^^^^^^^^^^^^^
    ...<6 lines>...
    )
    ^
  File "/data/data/com.termux/files/usr/lib/python3.13/site-packages/httpx/_client.py", line 1540, in request
    return await self.send(request, auth=auth, follow_redirects=follow_redirects)
           ^^^^^^^^^^^^^^^^^^^^^^^^^^^^^^^^^^^^^^^^^^^^^^^^^^^^^^^^^^^^^^^^^^^^^^
  File "/data/data/com.termux/files/usr/lib/python3.13/site-packages/httpx/_client.py", line 1629, in send
    response = await self._send_handling_auth(
               ^^^^^^^^^^^^^^^^^^^^^^^^^^^^^^^
    ...<4 lines>...
    )
    ^
  File "/data/data/com.termux/files/usr/lib/python3.13/site-packages/httpx/_client.py", line 1657, in _send_handling_auth
    response = await self._send_handling_redirects(
               ^^^^^^^^^^^^^^^^^^^^^^^^^^^^^^^^^^^^
    ...<3 lines>...
    )
    ^
  File "/data/data/com.termux/files/usr/lib/python3.13/site-packages/httpx/_client.py", line 1694, in _send_handling_redirects
    response = await self._send_single_request(request)
               ^^^^^^^^^^^^^^^^^^^^^^^^^^^^^^^^^^^^^^^^
  File "/data/data/com.termux/files/usr/lib/python3.13/site-packages/httpx/_client.py", line 1730, in _send_single_request
    response = await transport.handle_async_request(request)
               ^^^^^^^^^^^^^^^^^^^^^^^^^^^^^^^^^^^^^^^^^^^^^
  File "/data/data/com.termux/files/usr/lib/python3.13/site-packages/httpx/_transports/default.py", line 393, in handle_async_request
    with map_httpcore_exceptions():
         ~~~~~~~~~~~~~~~~~~~~~~~^^
  File "/data/data/com.termux/files/usr/lib/python3.13/contextlib.py", line 162, in __exit__
    self.gen.throw(value)
    ~~~~~~~~~~~~~~^^^^^^^
  File "/data/data/com.termux/files/usr/lib/python3.13/site-packages/httpx/_transports/default.py", line 118, in map_httpcore_exceptions
    raise mapped_exc(message) from exc
httpx.RemoteProtocolError: Server disconnected without sending a response.

The above exception was the direct cause of the following exception:

Traceback (most recent call last):
  File "/data/data/com.termux/files/usr/lib/python3.13/site-packages/telegram/ext/_updater.py", line 750, in _network_loop_retry
    if not await do_action():
           ^^^^^^^^^^^^^^^^^
  File "/data/data/com.termux/files/usr/lib/python3.13/site-packages/telegram/ext/_updater.py", line 744, in do_action
    return action_cb_task.result()
           ~~~~~~~~~~~~~~~~~~~~~^^
  File "/data/data/com.termux/files/usr/lib/python3.13/site-packages/telegram/ext/_updater.py", line 371, in polling_action_cb
    updates = await self.bot.get_updates(
              ^^^^^^^^^^^^^^^^^^^^^^^^^^^
    ...<7 lines>...
    )
    ^
  File "/data/data/com.termux/files/usr/lib/python3.13/site-packages/telegram/ext/_extbot.py", line 650, in get_updates
    updates = await super().get_updates(
              ^^^^^^^^^^^^^^^^^^^^^^^^^^
    ...<9 lines>...
    )
    ^
  File "/data/data/com.termux/files/usr/lib/python3.13/site-packages/telegram/_bot.py", line 4480, in get_updates
    await self._post(
    ^^^^^^^^^^^^^^^^^
    ...<7 lines>...
    ),
    ^
  File "/data/data/com.termux/files/usr/lib/python3.13/site-packages/telegram/_bot.py", line 619, in _post
    return await self._do_post(
           ^^^^^^^^^^^^^^^^^^^^
    ...<6 lines>...
    )
    ^
  File "/data/data/com.termux/files/usr/lib/python3.13/site-packages/telegram/ext/_extbot.py", line 354, in _do_post
    return await super()._do_post(
           ^^^^^^^^^^^^^^^^^^^^^^^
    ...<6 lines>...
    )
    ^
  File "/data/data/com.termux/files/usr/lib/python3.13/site-packages/telegram/_bot.py", line 648, in _do_post
    result = await request.post(
             ^^^^^^^^^^^^^^^^^^^
    ...<6 lines>...
    )
    ^
  File "/data/data/com.termux/files/usr/lib/python3.13/site-packages/telegram/request/_baserequest.py", line 202, in post
    result = await self._request_wrapper(
             ^^^^^^^^^^^^^^^^^^^^^^^^^^^^
    ...<7 lines>...
    )
    ^
  File "/data/data/com.termux/files/usr/lib/python3.13/site-packages/telegram/request/_baserequest.py", line 334, in _request_wrapper
    code, payload = await self.do_request(
                    ^^^^^^^^^^^^^^^^^^^^^^
    ...<7 lines>...
    )
    ^
  File "/data/data/com.termux/files/usr/lib/python3.13/site-packages/telegram/request/_httpxrequest.py", line 317, in do_request
    raise NetworkError(f"httpx.{err.__class__.__name__}: {err}") from err
telegram.error.NetworkError: httpx.RemoteProtocolError: Server disconnected without sending a response.
[2026-03-17 17:24:37] INFO     httpx: HTTP Request: POST https://api.telegram.org/bot8705414358:AAGGKM09OvsEvb5de48cICeB0rthC3DYfa0/getUpdates "HTTP/1.1 200 OK"
[2026-03-17 17:24:47] INFO     httpx: HTTP Request: POST https://api.telegram.org/bot8705414358:AAGGKM09OvsEvb5de48cICeB0rthC3DYfa0/getUpdates "HTTP/1.1 200 OK"
[2026-03-17 17:24:58] INFO     httpx: HTTP Request: POST https://api.telegram.org/bot8705414358:AAGGKM09OvsEvb5de48cICeB0rthC3DYfa0/getUpdates "HTTP/1.1 200 OK"
[2026-03-17 17:25:08] INFO     httpx: HTTP Request: POST https://api.telegram.org/bot8705414358:AAGGKM09OvsEvb5de48cICeB0rthC3DYfa0/getUpdates "HTTP/1.1 200 OK"
[2026-03-17 17:25:19] INFO     httpx: HTTP Request: POST https://api.telegram.org/bot8705414358:AAGGKM09OvsEvb5de48cICeB0rthC3DYfa0/getUpdates "HTTP/1.1 200 OK"
[2026-03-17 17:25:29] INFO     httpx: HTTP Request: POST https://api.telegram.org/bot8705414358:AAGGKM09OvsEvb5de48cICeB0rthC3DYfa0/getUpdates "HTTP/1.1 200 OK"
[2026-03-17 17:25:40] INFO     httpx: HTTP Request: POST https://api.telegram.org/bot8705414358:AAGGKM09OvsEvb5de48cICeB0rthC3DYfa0/getUpdates "HTTP/1.1 200 OK"
[2026-03-17 17:25:51] INFO     httpx: HTTP Request: POST https://api.telegram.org/bot8705414358:AAGGKM09OvsEvb5de48cICeB0rthC3DYfa0/getUpdates "HTTP/1.1 200 OK"
[2026-03-17 17:26:02] INFO     httpx: HTTP Request: POST https://api.telegram.org/bot8705414358:AAGGKM09OvsEvb5de48cICeB0rthC3DYfa0/getUpdates "HTTP/1.1 200 OK"
[2026-03-17 17:26:12] INFO     httpx: HTTP Request: POST https://api.telegram.org/bot8705414358:AAGGKM09OvsEvb5de48cICeB0rthC3DYfa0/getUpdates "HTTP/1.1 200 OK"
[2026-03-17 17:26:22] INFO     httpx: HTTP Request: POST https://api.telegram.org/bot8705414358:AAGGKM09OvsEvb5de48cICeB0rthC3DYfa0/getUpdates "HTTP/1.1 200 OK"
[2026-03-17 17:26:33] INFO     httpx: HTTP Request: POST https://api.telegram.org/bot8705414358:AAGGKM09OvsEvb5de48cICeB0rthC3DYfa0/getUpdates "HTTP/1.1 200 OK"
[2026-03-17 17:26:43] INFO     httpx: HTTP Request: POST https://api.telegram.org/bot8705414358:AAGGKM09OvsEvb5de48cICeB0rthC3DYfa0/getUpdates "HTTP/1.1 200 OK"
[2026-03-17 17:26:54] INFO     httpx: HTTP Request: POST https://api.telegram.org/bot8705414358:AAGGKM09OvsEvb5de48cICeB0rthC3DYfa0/getUpdates "HTTP/1.1 200 OK"
[2026-03-17 17:27:04] INFO     httpx: HTTP Request: POST https://api.telegram.org/bot8705414358:AAGGKM09OvsEvb5de48cICeB0rthC3DYfa0/getUpdates "HTTP/1.1 200 OK"
[2026-03-17 17:27:15] INFO     httpx: HTTP Request: POST https://api.telegram.org/bot8705414358:AAGGKM09OvsEvb5de48cICeB0rthC3DYfa0/getUpdates "HTTP/1.1 200 OK"
[2026-03-17 17:27:25] INFO     httpx: HTTP Request: POST https://api.telegram.org/bot8705414358:AAGGKM09OvsEvb5de48cICeB0rthC3DYfa0/getUpdates "HTTP/1.1 200 OK"
[2026-03-17 17:27:36] INFO     httpx: HTTP Request: POST https://api.telegram.org/bot8705414358:AAGGKM09OvsEvb5de48cICeB0rthC3DYfa0/getUpdates "HTTP/1.1 200 OK"
[2026-03-17 17:27:46] INFO     httpx: HTTP Request: POST https://api.telegram.org/bot8705414358:AAGGKM09OvsEvb5de48cICeB0rthC3DYfa0/getUpdates "HTTP/1.1 200 OK"
[2026-03-17 17:27:57] INFO     httpx: HTTP Request: POST https://api.telegram.org/bot8705414358:AAGGKM09OvsEvb5de48cICeB0rthC3DYfa0/getUpdates "HTTP/1.1 200 OK"
[2026-03-17 17:28:07] INFO     httpx: HTTP Request: POST https://api.telegram.org/bot8705414358:AAGGKM09OvsEvb5de48cICeB0rthC3DYfa0/getUpdates "HTTP/1.1 200 OK"
[2026-03-17 17:28:18] INFO     httpx: HTTP Request: POST https://api.telegram.org/bot8705414358:AAGGKM09OvsEvb5de48cICeB0rthC3DYfa0/getUpdates "HTTP/1.1 200 OK"
[2026-03-17 17:28:28] INFO     httpx: HTTP Request: POST https://api.telegram.org/bot8705414358:AAGGKM09OvsEvb5de48cICeB0rthC3DYfa0/getUpdates "HTTP/1.1 200 OK"
[2026-03-17 17:28:39] INFO     httpx: HTTP Request: POST https://api.telegram.org/bot8705414358:AAGGKM09OvsEvb5de48cICeB0rthC3DYfa0/getUpdates "HTTP/1.1 200 OK"
[2026-03-17 17:28:44] INFO     httpx: HTTP Request: POST https://api.telegram.org/bot8705414358:AAGGKM09OvsEvb5de48cICeB0rthC3DYfa0/getUpdates "HTTP/1.1 200 OK"
[2026-03-17 17:28:46] INFO     httpx: HTTP Request: POST https://api.telegram.org/bot8705414358:AAGGKM09OvsEvb5de48cICeB0rthC3DYfa0/sendMessage "HTTP/1.1 200 OK"
[2026-03-17 17:28:47] INFO     httpx: HTTP Request: POST https://api.telegram.org/bot8705414358:AAGGKM09OvsEvb5de48cICeB0rthC3DYfa0/editMessageText "HTTP/1.1 200 OK"
[2026-03-17 17:28:55] INFO     httpx: HTTP Request: POST https://api.telegram.org/bot8705414358:AAGGKM09OvsEvb5de48cICeB0rthC3DYfa0/getUpdates "HTTP/1.1 200 OK"
[2026-03-17 17:29:05] INFO     httpx: HTTP Request: POST https://api.telegram.org/bot8705414358:AAGGKM09OvsEvb5de48cICeB0rthC3DYfa0/getUpdates "HTTP/1.1 200 OK"
[2026-03-17 17:29:12] INFO     httpx: HTTP Request: POST https://api.telegram.org/bot8705414358:AAGGKM09OvsEvb5de48cICeB0rthC3DYfa0/getUpdates "HTTP/1.1 200 OK"
[2026-03-17 17:29:12] INFO     httpx: HTTP Request: POST https://api.telegram.org/bot8705414358:AAGGKM09OvsEvb5de48cICeB0rthC3DYfa0/sendMessage "HTTP/1.1 200 OK"
